This is TeX, Version 3.14159 (Web2C 7.3.1) (format=latex 2002.8.30)  26 MAR 2003 21:00
**./images.tex
(./images.tex
LaTeX2e <1999/12/01> patch level 1
Babel <v3.6Z> and hyphenation patterns for american, french, german, ngerman, n
ohyphenation, loaded.

(/usr/share/texmf/tex/latex/base/article.cls
Document Class: article 1999/09/10 v1.4a Standard LaTeX document class
(/usr/share/texmf/tex/latex/base/size12.clo
File: size12.clo 1999/09/10 v1.4a Standard LaTeX file (size option)
)
\c@part=\count79
\c@section=\count80
\c@subsection=\count81
\c@subsubsection=\count82
\c@paragraph=\count83
\c@subparagraph=\count84
\c@figure=\count85
\c@table=\count86
\abovecaptionskip=\skip41
\belowcaptionskip=\skip42
\bibindent=\dimen102
) (/usr/share/texmf/tex/latex/base/ifthen.sty
Package: ifthen 1999/09/10 v1.1b Standard LaTeX ifthen package (DPC)
) (/usr/share/texmf/tex/latex/base/latexsym.sty
Package: latexsym 1998/08/17 v2.2e Standard LaTeX package (lasy symbols)
\symlasy=\mathgroup4
LaTeX Font Info:    Overwriting symbol font `lasy' in version `bold'
(Font)                  U/lasy/m/n --> U/lasy/b/n on input line 42.
) (/usr/share/texmf/tex/latex/amsfonts/amssymb.sty
Package: amssymb 1996/11/03 v2.2b
(/usr/share/texmf/tex/latex/amsfonts/amsfonts.sty
Package: amsfonts 1997/09/17 v2.2e
\@emptytoks=\toks14
\symAMSa=\mathgroup5
\symAMSb=\mathgroup6
LaTeX Font Info:    Overwriting math alphabet `\mathfrak' in version `bold'
(Font)                  U/euf/m/n --> U/euf/b/n on input line 133.
)) (/usr/share/texmf/tex/latex/graphics/color.sty
Package: color 1999/02/16 v1.0i Standard LaTeX Color (DPC)
(/usr/share/texmf/tex/latex/config/color.cfg)
Package color Info: Driver file: dvips.def on input line 125.
(/usr/share/texmf/tex/latex/graphics/dvips.def
File: dvips.def 1999/02/16 v3.0i Driver-dependant file (DPC,SPQR)
) (/usr/share/texmf/tex/latex/graphics/dvipsnam.def
File: dvipsnam.def 1999/02/16 v3.0i Driver-dependant file (DPC,SPQR)
)) (/usr/share/texmf/tex/latex/base/inputenc.sty
Package: inputenc 1999/09/17 v0.992 Input encoding file 
(/usr/share/texmf/tex/latex/base/latin1.def
File: latin1.def 1999/09/17 v0.992 Input encoding file 
))
\sizebox=\box26
\lthtmlwrite=\write3
(images.aux)
\openout1 = `images.aux'.

LaTeX Font Info:    Checking defaults for OML/cmm/m/it on input line 120.
LaTeX Font Info:    ... okay on input line 120.
LaTeX Font Info:    Checking defaults for T1/cmr/m/n on input line 120.
LaTeX Font Info:    ... okay on input line 120.
LaTeX Font Info:    Checking defaults for OT1/cmr/m/n on input line 120.
LaTeX Font Info:    ... okay on input line 120.
LaTeX Font Info:    Checking defaults for OMS/cmsy/m/n on input line 120.
LaTeX Font Info:    ... okay on input line 120.
LaTeX Font Info:    Checking defaults for OMX/cmex/m/n on input line 120.
LaTeX Font Info:    ... okay on input line 120.
LaTeX Font Info:    Checking defaults for U/cmr/m/n on input line 120.
LaTeX Font Info:    ... okay on input line 120.

latex2htmlLength hsize=349.0pt

latex2htmlLength vsize=720.79431pt

latex2htmlLength hoffset=0.0pt

latex2htmlLength voffset=0.0pt

latex2htmlLength topmargin=0.0pt

latex2htmlLength topskip=0.00003pt

latex2htmlLength headheight=0.0pt

latex2htmlLength headsep=0.0pt

latex2htmlLength parskip=0.0pt plus 1.0pt

latex2htmlLength oddsidemargin=-5.69054pt

latex2htmlLength evensidemargin=-5.69054pt

\c@prop=\count87
LaTeX Font Info:    Try loading font information for U+lasy on input line 653.
(/usr/share/texmf/tex/latex/base/ulasy.fd
File: ulasy.fd 1998/08/17 v2.2eLaTeX symbol font definitions
)
LaTeX Font Info:    Try loading font information for U+msa on input line 653.
(/usr/share/texmf/tex/latex/amsfonts/umsa.fd
File: umsa.fd 1995/01/05 v2.2e AMS font definitions
)
LaTeX Font Info:    Try loading font information for U+msb on input line 653.
(/usr/share/texmf/tex/latex/amsfonts/umsb.fd
File: umsb.fd 1995/01/05 v2.2e AMS font definitions
)
l2hSize :tex2html_wrap_inline4160:10.01027pt::10.01027pt::52.47768pt.
[1



]
l2hSize :tex2html_wrap_inline4162:8.2pt::0.0pt::11.28258pt.
[2


]
l2hSize :tex2html_wrap_inline4164:8.2pt::0.0pt::9.62982pt.
[3


]
l2hSize :tex2html_wrap_inline4168:8.26666pt::0.0pt::8.58754pt.
[4


]
l2hSize :tex2html_wrap_inline4172:8.2pt::0.0pt::10.04854pt.
[5


]
l2hSize :tex2html_wrap_inline4176:9.5pt::9.5pt::60.67517pt.
[6


]
l2hSize :tex2html_wrap_inline4178:11.47757pt::11.47757pt::10.4319pt.
[7


]
l2hSize :tex2html_wrap_inline4180:9.5pt::9.5pt::73.66446pt.
[8


]
l2hSize :tex2html_wrap_inline4182:8.19998pt::0.0pt::7.99419pt.
[9


]
l2hSize :tex2html_wrap_inline4186:9.5pt::9.5pt::94.09125pt.
[10


]
l2hSize :tex2html_wrap_inline4188:8.2pt::0.0pt::10.37909pt.
[11


]
l2hSize :tex2html_wrap_inline4190:7.75pt::0.0pt::5.33192pt.
[12


]
l2hSize :displaymath3998:36.00014pt::0.0pt::349.0pt.
[13


]
l2hSize :tex2html_wrap_inline4192:8.19998pt::0.0pt::12.74425pt.
[14


]
l2hSize :tex2html_wrap_inline4196:8.83331pt::8.83331pt::63.31413pt.
[15


]
l2hSize :tex2html_wrap_inline4200:8.2pt::0.0pt::55.49799pt.
[16


]
l2hSize :tex2html_wrap_inline4202:9.5pt::9.5pt::98.76746pt.
[17


]
l2hSize :tex2html_wrap_inline4204:8.83331pt::8.83331pt::15.15373pt.
[18


]
l2hSize :tex2html_wrap_inline4208:10.69896pt::10.69896pt::14.17732pt.
[19


]
l2hSize :tex2html_wrap_inline4210:8.7pt::8.7pt::32.80235pt.
[20


]
l2hSize :tex2html_wrap_inline4212:9.5pt::9.5pt::26.52893pt.
[21


]
l2hSize :tex2html_wrap_inline4218:9.5pt::9.5pt::83.09372pt.
[22


]
l2hSize :tex2html_wrap_inline4220:7.75pt::0.0pt::7.14996pt.
[23


]
l2hSize :tex2html_wrap_inline4222:8.2pt::0.0pt::9.39577pt.
[24


]
l2hSize :tex2html_wrap_inline4224:8.25pt::8.25pt::7.6569pt.
[25


]
l2hSize :tex2html_wrap_inline4228:9.5pt::9.5pt::126.26508pt.
[26


]
l2hSize :tex2html_wrap_inline4234:9.5pt::9.5pt::24.28313pt.
[27


]
l2hSize :tex2html_wrap_inline4236:9.5pt::9.5pt::27.147pt.
[28


]
l2hSize :tex2html_wrap_inline4240:9.5pt::9.5pt::29.3928pt.
[29


]
l2hSize :tex2html_wrap_inline4248:9.5pt::9.5pt::43.7636pt.
[30


]
l2hSize :tex2html_wrap_inline4254:9.5pt::9.5pt::82.00354pt.
[31


]
l2hSize :displaymath3999:29.50008pt::0.0pt::349.0pt.
[32


]
l2hSize :displaymath4000:17.5pt::0.0pt::349.0pt.
[33


]
l2hSize :tex2html_wrap_inline4256:9.5pt::9.5pt::62.7105pt.
[34


]
l2hSize :tex2html_wrap_inline4258:7.75pt::0.0pt::9.55421pt.
[35


]
l2hSize :tex2html_wrap_inline4260:8.2pt::0.0pt::9.85576pt.
[36


]
l2hSize :tex2html_wrap_inline4266:8.7pt::8.7pt::84.48312pt.
[37


]
l2hSize :displaymath4001:17.5pt::0.0pt::349.0pt.
[38


]
l2hSize :tex2html_wrap_inline4274:8.2pt::0.0pt::57.70528pt.
[39


]
l2hSize :displaymath4002:17.5pt::0.0pt::349.0pt.
[40


]
l2hSize :tex2html_wrap_inline4276:8.2pt::0.0pt::13.20828pt.
[41


]
l2hSize :tex2html_wrap_inline4280:8.69998pt::8.69998pt::41.55641pt.
[42


]
l2hSize :tex2html_wrap_inline4282:9.5pt::9.5pt::56.27463pt.
[43


]
l2hSize :tex2html_wrap_inline4284:9.5pt::9.5pt::55.76768pt.
[44


]
l2hSize :tex2html_wrap_inline4286:9.5pt::9.5pt::62.83707pt.
[45


]
l2hSize :tex2html_wrap_inline4288:9.5pt::9.5pt::62.83707pt.
[46


]
l2hSize :displaymath4003:17.5pt::0.0pt::349.0pt.
[47


]
l2hSize :displaymath4004:18.36668pt::0.0pt::349.0pt.
[48


]
l2hSize :tex2html_wrap_inline4292:9.5pt::9.5pt::31.15532pt.
[49


]
l2hSize :displaymath4005:17.5pt::0.0pt::349.0pt.
[50


]
l2hSize :tex2html_wrap_inline4304:10.69896pt::10.69896pt::15.18196pt.
[51


]
l2hSize :tex2html_wrap_inline4308:8.25pt::8.25pt::14.5571pt.
[52


]
l2hSize :tex2html_wrap_inline4310:9.5pt::9.5pt::107.35344pt.
[53


]
l2hSize :tex2html_wrap_inline4312:11.47757pt::11.47757pt::104.02203pt.
[54


]
! Missing } inserted.
<inserted text> 
                }
l.991 \end{displaymath}
                       %
I've inserted something that you may have forgotten.
(See the <inserted text> above.)
With luck, this will get me unwedged. But if you
really didn't forget anything, try typing `2' now; then
my insertion and my current dilemma will both disappear.

l2hSize :displaymath415:36.00014pt::0.0pt::349.0pt.
[55


]
l2hSize :tex2html_wrap_inline4314:8.2pt::0.0pt::11.24997pt.
[56


]
l2hSize :displaymath430:17.85555pt::0.0pt::349.0pt.
[57


]
l2hSize :displaymath4006:17.5pt::0.0pt::349.0pt.
[58


]
l2hSize :tex2html_wrap_inline4328:8.2pt::0.0pt::9.82106pt.
[59


]
l2hSize :tex2html_wrap_inline4332:8.2pt::0.0pt::13.3124pt.
[60


]
l2hSize :displaymath4007:17.5pt::0.0pt::349.0pt.
[61


]
l2hSize :tex2html_wrap_inline4334:9.31111pt::0.0pt::27.56258pt.
[62


]
l2hSize :displaymath450:17.5pt::0.0pt::349.0pt.
[63


]
l2hSize :tex2html_wrap_inline4336:9.5pt::9.5pt::113.66406pt.
[64


]
l2hSize :tex2html_wrap_inline4338:8.83331pt::8.83331pt::51.02919pt.
[65


]
l2hSize :tex2html_wrap_inline4340:7.75pt::0.0pt::10.45201pt.
[66


]
l2hSize :displaymath455:17.5pt::0.0pt::349.0pt.
[67


]
l2hSize :tex2html_wrap_inline4342:11.88889pt::11.88889pt::108.70042pt.
[68


]
l2hSize :tex2html_wrap_inline4344:14.27777pt::14.27777pt::127.25615pt.
[69


]
l2hSize :tex2html_wrap_inline4346:11.88889pt::11.88889pt::85.34213pt.
[70


]
l2hSize :tex2html_wrap_inline4348:9.5pt::9.5pt::192.20117pt.
[71


]
l2hSize :tex2html_wrap_inline4350:8.69998pt::8.69998pt::29.3378pt.
[72


]
l2hSize :tex2html_wrap_inline4352:8.7pt::8.7pt::30.23033pt.
[73


]
l2hSize :tex2html_wrap_inline4354:9.5pt::9.5pt::45.2231pt.
[74


]
l2hSize :tex2html_wrap_inline4358:9.5pt::9.5pt::47.46513pt.
[75


]
l2hSize :tex2html_wrap_inline4362:9.5pt::9.5pt::93.89777pt.
[76


]
l2hSize :displaymath4008:17.5pt::0.0pt::349.0pt.
[77


]
l2hSize :tex2html_wrap_inline4366:8.25pt::8.25pt::28.88596pt.
[78


]
l2hSize :tex2html_wrap_inline4368:10.05556pt::10.05556pt::109.04926pt.
[79


]
l2hSize :tex2html_wrap_inline4370:8.2pt::0.0pt::37.81784pt.
[80


]
l2hSize :tex2html_wrap_inline4372:8.75554pt::0.0pt::17.49431pt.
[81


]
l2hSize :tex2html_wrap_inline4374:9.25554pt::9.25554pt::73.53497pt.
[82


]
l2hSize :tex2html_wrap_inline4380:9.5pt::9.5pt::62.41606pt.
[83


]
l2hSize :tex2html_wrap_inline4382:10.68889pt::10.68889pt::124.63834pt.
[84


]
l2hSize :tex2html_wrap_inline4386:10.68889pt::10.68889pt::97.47586pt.
[85


]
l2hSize :tex2html_wrap_inline4388:8.75554pt::0.0pt::71.95546pt.
[86


]
l2hSize :tex2html_wrap_inline4390:9.5pt::9.5pt::64.792pt.
[87


]
l2hSize :tex2html_wrap_inline4392:8.07693pt::0.0pt::12.43336pt.
[88


]
l2hSize :tex2html_wrap_inline4394:10.41026pt::10.41026pt::68.40239pt.
[89


]
l2hSize :tex2html_wrap_inline4396:8.7pt::8.7pt::20.62451pt.
[90


]
l2hSize :tex2html_wrap_inline4400:9.5pt::9.5pt::27.8028pt.
[91


]
l2hSize :tex2html_wrap_inline4402:10.05556pt::10.05556pt::35.90538pt.
[92


]
l2hSize :tex2html_wrap_inline4404:8.25pt::8.25pt::6.64789pt.
[93


]
l2hSize :tex2html_wrap_inline4412:10.05556pt::10.05556pt::85.66219pt.
[94


]
l2hSize :tex2html_wrap_inline4414:9.5pt::9.5pt::72.67589pt.
[95


]
l2hSize :tex2html_wrap_inline4416:12.79915pt::12.79915pt::82.78603pt.
[96


]
l2hSize :displaymath4009:17.68663pt::0.0pt::349.0pt.
[97


]
l2hSize :tex2html_wrap_inline4420:8.2pt::0.0pt::12.94312pt.
[98


]
l2hSize :displaymath4010:17.5pt::0.0pt::349.0pt.
[99


]
l2hSize :tex2html_wrap_inline4424:8.33331pt::0.0pt::6.38954pt.
[100


]
l2hSize :tex2html_wrap_inline4430:14.27777pt::14.27777pt::113.15439pt.
[101


]
l2hSize :tex2html_wrap_inline4432:11.88889pt::11.88889pt::69.59422pt.
[102


]
l2hSize :tex2html_wrap_inline4440:11.88889pt::11.88889pt::79.52464pt.
[103


]
l2hSize :tex2html_wrap_inline4446:10.68889pt::10.68889pt::90.24586pt.
[104


]
l2hSize :tex2html_wrap_inline4460:8.7pt::8.7pt::42.37074pt.
[105


]
l2hSize :tex2html_wrap_inline4462:10.05556pt::10.05556pt::46.75948pt.
[106


]
l2hSize :tex2html_wrap_inline4474:10.05556pt::10.05556pt::32.55286pt.
[107


]
l2hSize :tex2html_wrap_inline4476:10.05556pt::10.05556pt::97.51968pt.
[108


]
l2hSize :tex2html_wrap_inline4480:8.2pt::0.0pt::8.51245pt.
[109


]
l2hSize :tex2html_wrap_inline4482:8.2pt::0.0pt::36.22134pt.
[110


]
l2hSize :displaymath561:16.29999pt::0.0pt::349.0pt.
[111


]
l2hSize :tex2html_wrap_inline4500:8.2pt::0.0pt::58.69287pt.
[112


]
l2hSize :displaymath4011:17.5pt::0.0pt::349.0pt.
[113


]
l2hSize :tex2html_wrap_inline4502:8.83331pt::8.83331pt::11.83615pt.
[114


]
l2hSize :tex2html_wrap_inline4504:9.5pt::9.5pt::144.99062pt.
[115


]
l2hSize :tex2html_wrap_inline4506:9.5pt::9.5pt::145.04749pt.
[116


]
l2hSize :tex2html_wrap_inline4508:8.7pt::8.7pt::60.0245pt.
[117


]
l2hSize :displaymath4012:17.5pt::0.0pt::349.0pt.
[118


]
l2hSize :tex2html_wrap_inline4512:9.82137pt::0.0pt::15.5125pt.
[119


]
l2hSize :tex2html_wrap_inline4514:8.69998pt::8.69998pt::13.03763pt.
[120


]
l2hSize :displaymath4013:17.64444pt::0.0pt::349.0pt.
[121


]
l2hSize :tex2html_wrap_inline4520:8.25pt::8.25pt::12.50142pt.
[122


]
l2hSize :displaymath4014:18.36668pt::0.0pt::349.0pt.
[123


]
l2hSize :tex2html_wrap_inline4524:10.99998pt::10.99998pt::33.30005pt.
[124


]
l2hSize :tex2html_wrap_inline4526:8.2pt::0.0pt::8.19305pt.
[125


]
l2hSize :displaymath4015:17.5pt::0.0pt::349.0pt.
[126


]
l2hSize :tex2html_wrap_inline4544:8.7pt::8.7pt::27.03517pt.
[127


]
l2hSize :displaymath4016:17.5pt::0.0pt::349.0pt.
[128


]
l2hSize :tex2html_wrap_inline4548:10.99997pt::10.99997pt::79.04834pt.
[129


]
l2hSize :tex2html_wrap_inline4550:9.5pt::9.5pt::134.31592pt.
[130


]
l2hSize :tex2html_wrap_inline4552:8.83331pt::8.83331pt::116.23157pt.
[131


]
l2hSize :tex2html_wrap_inline4554:8.25pt::8.25pt::14.0653pt.
[132


]
l2hSize :tex2html_wrap_inline4556:10.49997pt::0.0pt::18.86098pt.
[133


]
l2hSize :displaymath625:16.83331pt::0.0pt::349.0pt.
[134


]
l2hSize :tex2html_wrap_inline4558:10.05556pt::10.05556pt::88.65654pt.
[135


]
l2hSize :tex2html_wrap_inline4560:8.7pt::8.7pt::65.54079pt.
[136


]
l2hSize :displaymath4017:19.53337pt::0.0pt::349.0pt.
[137


]
l2hSize :displaymath4018:18.36668pt::0.0pt::349.0pt.
[138


]
l2hSize :tex2html_wrap_inline4566:9.5pt::9.5pt::113.19476pt.
[139


]
l2hSize :tex2html_wrap_inline4568:11.1333pt::11.1333pt::158.4898pt.
[140


]
l2hSize :displaymath651:18.36668pt::0.0pt::349.0pt.
[141


]
l2hSize :tex2html_wrap_inline4574:10.99998pt::10.99998pt::86.53174pt.
[142


]
l2hSize :tex2html_wrap_inline4580:11.79999pt::11.79999pt::88.27861pt.
[143


]
l2hSize :tex2html_wrap_inline4582:8.25pt::8.25pt::13.77364pt.
[144


]
l2hSize :displaymath4019:17.5pt::0.0pt::349.0pt.
[145


]
l2hSize :displaymath671:17.5pt::0.0pt::349.0pt.
[146


]
l2hSize :tex2html_wrap_inline4614:9.82137pt::0.0pt::19.42912pt.
[147


]
l2hSize :tex2html_wrap_inline4618:8.2pt::0.0pt::9.82565pt.
[148


]
l2hSize :tex2html_wrap_inline4624:9.5pt::9.5pt::154.62033pt.
[149


]
l2hSize :tex2html_wrap_inline4630:9.5pt::9.5pt::90.12451pt.
[150


]
l2hSize :displaymath4020:17.5pt::0.0pt::349.0pt.
[151


]
l2hSize :displaymath4021:17.5pt::0.0pt::349.0pt.
[152


]
l2hSize :tex2html_wrap_inline4640:11.88889pt::11.88889pt::59.28574pt.
[153


]
l2hSize :tex2html_wrap_inline4642:9.5pt::9.5pt::41.0844pt.
[154


]
l2hSize :tex2html_wrap_inline4660:10.99998pt::10.99998pt::171.277pt.
[155


]
l2hSize :tex2html_wrap_inline4662:11.79999pt::11.79999pt::33.91953pt.
[156


]
l2hSize :tex2html_wrap_inline4668:10.99998pt::10.99998pt::55.49426pt.
[157


]
l2hSize :tex2html_wrap_inline4670:9.82137pt::0.0pt::14.11092pt.
[158


]
l2hSize :tex2html_wrap_inline4674:9.5pt::9.5pt::33.91953pt.
[159


]
l2hSize :tex2html_wrap_inline4676:8.2pt::0.0pt::9.85577pt.
[160


]
l2hSize :displaymath4022:17.5pt::0.0pt::349.0pt.
[161


]
l2hSize :tex2html_wrap_inline4684:8.25pt::8.25pt::13.44449pt.
[162


]
l2hSize :tex2html_wrap_inline4692:8.7pt::8.7pt::27.18332pt.
[163


]
l2hSize :displaymath4023:17.5pt::0.0pt::349.0pt.
[164


]
l2hSize :tex2html_wrap_inline4714:8.26666pt::0.0pt::33.4352pt.
[165


]
l2hSize :tex2html_wrap_inline4716:9.51027pt::0.0pt::38.60397pt.
[166


]
l2hSize :displaymath4024:58.99994pt::0.0pt::349.0pt.
[167


]
l2hSize :tex2html_wrap_inline4718:8.7pt::8.7pt::56.24384pt.
[168


]
l2hSize :tex2html_wrap_inline4722:7.75pt::0.0pt::6.75551pt.
[169


]
l2hSize :tex2html_wrap_inline4726:7.75pt::0.0pt::6.46246pt.
[170


]
l2hSize :tex2html_wrap_inline4728:9.82137pt::0.0pt::12.87224pt.
[171


]
l2hSize :tex2html_wrap_inline4730:10.01027pt::10.01027pt::34.36516pt.
[172


]
l2hSize :tex2html_wrap_inline4734:9.51027pt::0.0pt::9.5806pt.
[173


]
l2hSize :tex2html_wrap_inline4736:8.7pt::8.7pt::15.5125pt.
[174


]
l2hSize :tex2html_wrap_inline4750:10.01027pt::10.01027pt::141.96588pt.
[175


]
l2hSize :tex2html_wrap_inline4754:9.5pt::9.5pt::90.43848pt.
[176


]
l2hSize :tex2html_wrap_inline4758:7.75pt::0.0pt::6.209pt.
[177


]
l2hSize :tex2html_wrap_inline4762:9.18808pt::0.0pt::21.23155pt.
[178


]
l2hSize :tex2html_wrap_inline4772:9.68808pt::9.68808pt::88.346pt.
[179


]
l2hSize :tex2html_wrap_inline4776:9.5pt::9.5pt::101.08829pt.
[180


]
l2hSize :tex2html_wrap_inline4778:8.69998pt::8.69998pt::11.4927pt.
[181


]
l2hSize :tex2html_wrap_inline4780:9.18808pt::0.0pt::19.1772pt.
[182


]
l2hSize :tex2html_wrap_inline4782:9.25554pt::9.25554pt::16.24277pt.
[183


]
l2hSize :tex2html_wrap_inline4784:9.86668pt::0.0pt::23.92726pt.
[184


]
l2hSize :tex2html_wrap_inline4786:10.01027pt::10.01027pt::79.67397pt.
[185


]
l2hSize :tex2html_wrap_inline4788:9.5pt::9.5pt::69.4497pt.
[186


]
l2hSize :tex2html_wrap_inline4792:8.69998pt::8.69998pt::41.64609pt.
[187


]
l2hSize :tex2html_wrap_inline4794:8.7pt::8.7pt::15.15579pt.
[188


]
l2hSize :tex2html_wrap_indisplay8726:9.5pt::9.5pt::71.63936pt.
[189


]
l2hSize :tex2html_wrap_inline4798:9.50008pt::9.50008pt::101.70949pt.
[190


]
l2hSize :tex2html_wrap_inline4806:9.5pt::9.5pt::31.46877pt.
[191


]
l2hSize :tex2html_wrap_indisplay8736:8.7pt::8.7pt::69.86694pt.
[192


]
l2hSize :tex2html_wrap_inline4816:8.69998pt::8.69998pt::86.0413pt.
[193


]
l2hSize :displaymath4025:17.5pt::0.0pt::349.0pt.
[194


]
l2hSize :tex2html_wrap_inline4818:8.7pt::8.7pt::38.33333pt.
[195


]
l2hSize :tex2html_wrap_inline4820:8.19998pt::0.0pt::10.16917pt.
[196


]
l2hSize :tex2html_wrap_inline4822:8.83331pt::8.83331pt::119.86823pt.
[197


]
l2hSize :tex2html_wrap_inline4824:8.69998pt::8.69998pt::14.91924pt.
[198


]
l2hSize :tex2html_wrap_inline4828:8.69998pt::8.69998pt::11.67096pt.
[199


]
l2hSize :displaymath4026:19.55556pt::0.0pt::349.0pt.
[200


]
l2hSize :tex2html_wrap_inline4838:8.2pt::0.0pt::6.71318pt.
[201


]
l2hSize :tex2html_wrap_inline4842:8.7pt::8.7pt::15.33405pt.
[202


]
l2hSize :tex2html_wrap_inline4846:8.7pt::8.7pt::35.99036pt.
[203


]
l2hSize :tex2html_wrap_inline4848:9.25554pt::9.25554pt::36.75465pt.
[204


]
l2hSize :tex2html_wrap_inline4850:8.83331pt::8.83331pt::67.18529pt.
[205


]
l2hSize :tex2html_wrap_inline4852:8.83331pt::8.83331pt::67.18529pt.
[206


]
l2hSize :tex2html_wrap_inline4856:9.5pt::9.5pt::71.68922pt.
[207


]
l2hSize :tex2html_wrap_inline4862:8.69998pt::8.69998pt::33.22867pt.
[208


]
l2hSize :tex2html_wrap_inline4864:8.69998pt::8.69998pt::35.97pt.
[209


]
l2hSize :tex2html_wrap_inline4866:9.5pt::9.5pt::270.03773pt.
[210


]
l2hSize :tex2html_wrap_inline4868:10.44438pt::10.44438pt::53.45787pt.
[211


]
l2hSize :tex2html_wrap_inline4870:10.44438pt::10.44438pt::32.0046pt.
[212


]
l2hSize :tex2html_wrap_inline4872:8.33331pt::0.0pt::5.58328pt.
[213


]
l2hSize :displaymath4027:17.5pt::0.0pt::349.0pt.
[214


]
l2hSize :tex2html_wrap_inline4888:8.7pt::8.7pt::30.31863pt.
[215


]
l2hSize :tex2html_wrap_inline4890:8.7pt::8.7pt::38.76125pt.
[216


]
l2hSize :tex2html_wrap_inline4894:9.5pt::9.5pt::76.70502pt.
[217


]
l2hSize :tex2html_wrap_inline4900:8.25pt::8.25pt::27.8893pt.
[218


]
l2hSize :tex2html_wrap_inline4902:9.25554pt::9.25554pt::67.317pt.
[219


]
l2hSize :tex2html_wrap_inline4904:8.7pt::8.7pt::139.4328pt.
[220


]
l2hSize :tex2html_wrap_inline4906:8.7pt::8.7pt::63.74991pt.
[221


]
l2hSize :displaymath4028:17.5pt::0.0pt::349.0pt.
[222


]
l2hSize :tex2html_wrap_inline4908:9.5pt::9.5pt::182.60553pt.
[223


]
l2hSize :tex2html_wrap_inline4910:8.69998pt::8.69998pt::14.74098pt.
[224


]
l2hSize :tex2html_wrap_inline4914:9.5pt::9.5pt::140.40639pt.
[225


]
l2hSize :tex2html_wrap_indisplay8796:9.5pt::9.5pt::96.75061pt.
[226


]
l2hSize :tex2html_wrap_inline4920:9.5pt::9.5pt::36.50053pt.
[227


]
l2hSize :tex2html_wrap_inline4926:8.83331pt::8.83331pt::7.88606pt.
[228


]
l2hSize :tex2html_wrap_inline4928:9.5pt::9.5pt::84.7169pt.
[229


]
l2hSize :tex2html_wrap_inline4942:9.5pt::9.5pt::34.79956pt.
[230


]
l2hSize :tex2html_wrap_inline4946:9.5pt::9.5pt::33.75108pt.
[231


]
l2hSize :tex2html_wrap_inline4948:9.5pt::9.5pt::75.09378pt.
[232


]
l2hSize :tex2html_wrap_inline4950:9.5pt::9.5pt::77.87845pt.
[233


]
l2hSize :tex2html_wrap_inline4952:9.5pt::9.5pt::52.16766pt.
[234


]
l2hSize :tex2html_wrap_inline4954:9.5pt::9.5pt::72.93948pt.
[235


]
l2hSize :tex2html_wrap_inline4956:8.36708pt::8.36708pt::30.67491pt.
[236


]
l2hSize :tex2html_wrap_inline4958:8.36708pt::8.36708pt::26.41176pt.
[237


]
l2hSize :tex2html_wrap_inline4960:10.69896pt::10.69896pt::35.77966pt.
[238


]
l2hSize :tex2html_wrap_inline4964:8.36708pt::8.36708pt::37.07632pt.
[239


]
l2hSize :tex2html_wrap_inline4968:9.5pt::9.5pt::61.55649pt.
[240


]
l2hSize :displaymath4029:17.85555pt::0.0pt::349.0pt.
[241


]
l2hSize :displaymath856:17.85555pt::0.0pt::349.0pt.
[242


]
l2hSize :tex2html_wrap_inline4972:7.75pt::0.0pt::39.5593pt.
[243


]
l2hSize :tex2html_wrap_inline4974:8.83331pt::8.83331pt::90.93263pt.
[244


]
l2hSize :tex2html_wrap_inline4976:9.29916pt::9.29916pt::72.50652pt.
[245


]
l2hSize :tex2html_wrap_inline4978:8.25pt::8.25pt::7.60133pt.
[246


]
l2hSize :displaymath4030:17.5pt::0.0pt::349.0pt.
[247


]
l2hSize :tex2html_wrap_inline4980:8.25pt::8.25pt::33.67003pt.
[248


]
l2hSize :tex2html_wrap_inline4982:8.36708pt::8.36708pt::30.87352pt.
[249


]
l2hSize :tex2html_wrap_inline4984:8.25pt::8.25pt::43.00339pt.
[250


]
l2hSize :tex2html_wrap_inline4986:8.36708pt::8.36708pt::30.67896pt.
[251


]
l2hSize :displaymath4031:31.38878pt::0.0pt::349.0pt.
[252


]
l2hSize :displaymath4032:31.38878pt::0.0pt::349.0pt.
[253


]
l2hSize :tex2html_wrap_inline4988:8.7pt::8.7pt::34.17616pt.
[254


]
l2hSize :displaymath4033:17.5pt::0.0pt::349.0pt.
[255


]
l2hSize :displaymath4034:17.5pt::0.0pt::349.0pt.
[256


]
l2hSize :displaymath4035:16.83331pt::0.0pt::349.0pt.
[257


]
l2hSize :displaymath4036:16.83331pt::0.0pt::349.0pt.
[258


]
l2hSize :tex2html_wrap_inline4996:8.36708pt::8.36708pt::78.75838pt.
[259


]
l2hSize :tex2html_wrap_inline4998:9.5pt::9.5pt::30.73091pt.
[260


]
l2hSize :tex2html_wrap_inline5000:7.75pt::0.0pt::7.26456pt.
[261


]
l2hSize :tex2html_wrap_inline5004:8.25pt::8.25pt::9.6078pt.
[262


]
l2hSize :tex2html_wrap_inline5006:8.25pt::8.25pt::9.42726pt.
[263


]
l2hSize :tex2html_wrap_inline5010:8.83331pt::8.83331pt::38.30162pt.
[264


]
l2hSize :tex2html_wrap_inline5012:8.25pt::8.25pt::37.58247pt.
[265


]
l2hSize :tex2html_wrap_inline5014:9.5pt::9.5pt::40.40105pt.
[266


]
l2hSize :tex2html_wrap_inline5022:9.5pt::9.5pt::82.89127pt.
[267


]
l2hSize :tex2html_wrap_inline5024:9.5pt::9.5pt::36.0733pt.
[268


]
l2hSize :tex2html_wrap_inline5028:8.26666pt::0.0pt::34.10187pt.
[269


]
l2hSize :tex2html_wrap_inline5030:8.2pt::0.0pt::11.44577pt.
[270


]
l2hSize :tex2html_wrap_inline5032:8.26666pt::0.0pt::9.25421pt.
[271


]
l2hSize :tex2html_wrap_inline5034:9.5pt::9.5pt::33.14801pt.
[272


]
l2hSize :tex2html_wrap_inline5038:9.5pt::9.5pt::39.60182pt.
[273


]
l2hSize :tex2html_wrap_inline5040:9.5pt::9.5pt::43.38513pt.
[274


]
l2hSize :displaymath4037:17.5pt::0.0pt::349.0pt.
[275


]
l2hSize :tex2html_wrap_inline5044:9.5pt::9.5pt::32.49983pt.
[276


]
l2hSize :tex2html_wrap_inline5052:9.5pt::9.5pt::32.49983pt.
[277


]
l2hSize :tex2html_wrap_inline5054:9.5pt::9.5pt::31.43565pt.
[278


]
l2hSize :tex2html_wrap_inline5056:8.25pt::8.25pt::7.33496pt.
[279


]
l2hSize :tex2html_wrap_inline5058:8.83331pt::8.83331pt::175.75513pt.
[280


]
l2hSize :tex2html_wrap_inline5062:8.25pt::8.25pt::55.67526pt.
[281


]
l2hSize :tex2html_wrap_inline5064:9.5pt::9.5pt::61.80995pt.
[282


]
l2hSize :displaymath4038:36.00014pt::0.0pt::349.0pt.
[283


]
l2hSize :tex2html_wrap_inline5066:9.5pt::9.5pt::44.09009pt.
[284


]
l2hSize :tex2html_wrap_inline5068:9.5pt::9.5pt::45.19821pt.
[285


]
l2hSize :displaymath4039:29.99997pt::0.0pt::349.0pt.
[286


]
l2hSize :displaymath938:17.5pt::0.0pt::349.0pt.
[287


]
l2hSize :tex2html_wrap_inline5070:8.19998pt::0.0pt::10.40416pt.
[288


]
l2hSize :displaymath946:17.85555pt::0.0pt::349.0pt.
[289


]
l2hSize :tex2html_wrap_inline5074:8.2pt::0.0pt::36.29343pt.
[290


]
l2hSize :tex2html_wrap_inline5078:9.5pt::9.5pt::35.74011pt.
[291


]
l2hSize :tex2html_wrap_inline5080:8.25pt::8.25pt::29.28175pt.
[292


]
l2hSize :displaymath4040:17.5pt::0.0pt::349.0pt.
[293


]
l2hSize :tex2html_wrap_inline5086:9.5pt::9.5pt::67.40207pt.
[294


]
l2hSize :tex2html_wrap_inline5088:8.83331pt::8.83331pt::56.77312pt.
[295


]
l2hSize :tex2html_wrap_inline5090:9.5pt::9.5pt::94.3563pt.
[296


]
l2hSize :tex2html_wrap_inline5092:9.5pt::9.5pt::48.79553pt.
[297


]
l2hSize :tex2html_wrap_inline5094:9.5pt::9.5pt::33.7818pt.
[298


]
l2hSize :displaymath963:17.5pt::0.0pt::349.0pt.
[299


]
l2hSize :tex2html_wrap_inline5096:8.83331pt::8.83331pt::28.78175pt.
[300


]
l2hSize :tex2html_wrap_inline5100:8.33331pt::0.0pt::6.69302pt.
[301


]
l2hSize :tex2html_wrap_inline5102:9.5pt::9.5pt::103.07579pt.
[302


]
l2hSize :tex2html_wrap_inline5106:9.5pt::9.5pt::47.24834pt.
[303


]
l2hSize :tex2html_wrap_inline5118:9.68808pt::9.68808pt::30.61447pt.
[304


]
l2hSize :tex2html_wrap_inline5120:9.68808pt::9.68808pt::39.64217pt.
[305


]
l2hSize :tex2html_wrap_inline5122:8.33331pt::0.0pt::4.3514pt.
[306


]
l2hSize :tex2html_wrap_inline5126:9.5pt::9.5pt::100.42694pt.
[307


]
l2hSize :tex2html_wrap_inline5128:8.83331pt::8.83331pt::10.83557pt.
[308


]
l2hSize :tex2html_wrap_inline5130:8.83331pt::8.83331pt::117.44803pt.
[309


]
l2hSize :tex2html_wrap_inline5132:8.83331pt::8.83331pt::86.34016pt.
[310


]
l2hSize :displaymath4041:58.99994pt::0.0pt::349.0pt.
[311


]
l2hSize :tex2html_wrap_inline5136:9.68808pt::9.68808pt::127.76276pt.
[312


]
l2hSize :tex2html_wrap_inline5138:9.68808pt::9.68808pt::71.80869pt.
[313


]
l2hSize :tex2html_wrap_inline5140:8.33331pt::0.0pt::7.44162pt.
[314


]
l2hSize :tex2html_wrap_inline5142:9.5pt::9.5pt::92.03532pt.
[315


]
l2hSize :tex2html_wrap_inline5144:8.69998pt::8.69998pt::12.42603pt.
[316


]
l2hSize :tex2html_wrap_inline5148:8.69998pt::8.69998pt::13.31262pt.
[317


]
l2hSize :tex2html_wrap_inline5154:9.5pt::9.5pt::191.98886pt.
[318


]
l2hSize :tex2html_wrap_inline5156:8.25pt::8.25pt::6.209pt.
[319


]
l2hSize :tex2html_wrap_inline5158:9.5pt::9.5pt::71.677pt.
[320


]
l2hSize :tex2html_wrap_inline5160:8.69998pt::8.69998pt::12.60428pt.
[321


]
l2hSize :tex2html_wrap_inline5162:8.79916pt::0.0pt::10.24718pt.
[322


]
l2hSize :tex2html_wrap_inline5164:9.5pt::9.5pt::100.62839pt.
[323


]
l2hSize :tex2html_wrap_inline5166:9.5pt::9.5pt::18.4625pt.
[324


]
l2hSize :tex2html_wrap_inline5168:9.68808pt::9.68808pt::52.13515pt.
[325


]
l2hSize :tex2html_wrap_inline5172:10.41026pt::10.41026pt::98.97299pt.
[326


]
l2hSize :displaymath4042:32.06674pt::0.0pt::349.0pt.
[327


]
l2hSize :tex2html_wrap_inline5174:9.5pt::9.5pt::137.72606pt.
[328


]
Overfull \hbox (3.06793pt too wide) in paragraph at lines 2738--2738
[]$\OML/cmm/m/it/12 i[]$| 
 []


Overfull \hbox (3.06793pt too wide) in paragraph at lines 2738--2738
[]$\OML/cmm/m/it/12 i[]$| 
 []


Overfull \hbox (3.06793pt too wide) in paragraph at lines 2738--2738
[]$\OML/cmm/m/it/12 i[]$| 
 []


Overfull \hbox (3.06793pt too wide) in paragraph at lines 2739--2739
[]$\OML/cmm/m/it/12 i[]$| 
 []


Overfull \hbox (3.06793pt too wide) in paragraph at lines 2739--2739
[]$\OML/cmm/m/it/12 i[]$| 
 []


Overfull \hbox (3.06793pt too wide) in paragraph at lines 2740--2740
[]$\OML/cmm/m/it/12 i[]$| 
 []


Overfull \hbox (3.06793pt too wide) in paragraph at lines 2740--2740
[]$\OML/cmm/m/it/12 i[]$| 
 []


Overfull \hbox (3.06793pt too wide) in paragraph at lines 2741--2741
[]$\OML/cmm/m/it/12 i[]$| 
 []

l2hSize :displaymath4043:58.99994pt::0.0pt::349.0pt.
[329


]
l2hSize :tex2html_wrap_inline5200:8.25pt::8.25pt::12.58755pt.
[330


]
l2hSize :tex2html_wrap_inline5204:9.29916pt::9.29916pt::178.85036pt.
[331


]
l2hSize :tex2html_wrap_inline5206:8.33331pt::0.0pt::4.33752pt.
[332


]
l2hSize :tex2html_wrap_inline5210:10.41026pt::10.41026pt::14.56459pt.
[333


]
l2hSize :tex2html_wrap_inline5218:8.7pt::8.7pt::11.22818pt.
[334


]
l2hSize :tex2html_wrap_inline5224:8.83331pt::8.83331pt::29.64476pt.
[335


]
l2hSize :tex2html_wrap_inline5228:8.36708pt::8.36708pt::29.54018pt.
[336


]
l2hSize :tex2html_wrap_inline5230:7.86708pt::0.0pt::4.59593pt.
[337


]
l2hSize :tex2html_wrap_inline5232:8.79916pt::0.0pt::7.40149pt.
[338


]
l2hSize :tex2html_wrap_inline5240:9.63332pt::9.63332pt::22.13562pt.
[339


]
l2hSize :tex2html_wrap_inline5242:10.41026pt::10.41026pt::41.5088pt.
[340


]
l2hSize :tex2html_wrap_inline5246:9.68808pt::9.68808pt::42.8921pt.
[341


]
l2hSize :tex2html_wrap_inline5248:8.83331pt::8.83331pt::13.72635pt.
[342


]
l2hSize :tex2html_wrap_inline5252:9.5pt::9.5pt::43.38513pt.
[343


]
l2hSize :displaymath4044:22.73141pt::0.0pt::349.0pt.
[344


]
l2hSize :tex2html_wrap_inline5262:11.8999pt::11.8999pt::47.24834pt.
[345


]
l2hSize :tex2html_wrap_inline5274:9.5pt::9.5pt::33.7818pt.
[346


]
l2hSize :tex2html_wrap_inline5278:9.5pt::9.5pt::30.29843pt.
[347


]
l2hSize :tex2html_wrap_inline5282:9.5pt::9.5pt::41.18373pt.
[348


]
l2hSize :tex2html_wrap_inline5304:9.5pt::9.5pt::44.6671pt.
[349


]
l2hSize :tex2html_wrap_inline5308:8.26666pt::0.0pt::35.91782pt.
[350


]
l2hSize :tex2html_wrap_inline5310:9.5pt::9.5pt::121.96329pt.
[351


]
l2hSize :displaymath4045:17.5pt::0.0pt::349.0pt.
[352


]
l2hSize :tex2html_wrap_inline5316:11.8999pt::11.8999pt::111.2617pt.
[353


]
l2hSize :tex2html_wrap_inline5318:9.5pt::9.5pt::31.38168pt.
[354


]
l2hSize :tex2html_wrap_inline5320:9.5pt::9.5pt::46.39542pt.
[355


]
l2hSize :displaymath4046:17.5pt::0.0pt::349.0pt.
[356


]
l2hSize :tex2html_wrap_inline5324:9.5pt::9.5pt::215.75882pt.
[357


]
l2hSize :tex2html_wrap_inline5332:9.5pt::9.5pt::158.54117pt.
[358


]
l2hSize :tex2html_wrap_inline5338:8.73334pt::8.73334pt::14.75656pt.
[359


]
l2hSize :tex2html_wrap_inline5346:9.5pt::9.5pt::112.8245pt.
[360


]
l2hSize :displaymath1120:32.30008pt::0.0pt::349.0pt.
[361


]
l2hSize :tex2html_wrap_inline5352:12.68886pt::12.68886pt::120.98979pt.
[362


]
l2hSize :tex2html_wrap_inline5354:9.5pt::9.5pt::45.29266pt.
[363


]
l2hSize :tex2html_wrap_inline5356:8.76666pt::8.76666pt::14.71262pt.
[364


]
l2hSize :tex2html_wrap_inline5358:8.7pt::8.7pt::14.26389pt.
[365


]
l2hSize :tex2html_wrap_inline5362:9.5pt::9.5pt::39.04071pt.
[366


]
l2hSize :tex2html_wrap_inline5366:8.7pt::8.7pt::12.22432pt.
[367


]
l2hSize :tex2html_wrap_inline5372:9.5pt::9.5pt::60.56139pt.
[368


]
l2hSize :displaymath4047:17.4666pt::0.0pt::349.0pt.
[369


]
l2hSize :tex2html_wrap_inline5374:9.68808pt::9.68808pt::173.63191pt.
[370


]
l2hSize :tex2html_wrap_inline5376:8.83331pt::8.83331pt::30.51442pt.
[371


]
l2hSize :tex2html_wrap_inline5378:7.75pt::0.0pt::10.86519pt.
[372


]
l2hSize :tex2html_wrap_inline5380:8.83331pt::8.83331pt::48.87624pt.
[373


]
l2hSize :tex2html_wrap_inline5386:7.75pt::0.0pt::6.46246pt.
[374


]
l2hSize :displaymath4048:17.4666pt::0.0pt::349.0pt.
[375


]
l2hSize :tex2html_wrap_inline5394:9.5pt::9.5pt::28.14777pt.
[376


]
l2hSize :tex2html_wrap_inline5396:12.68886pt::12.68886pt::112.18266pt.
[377


]
l2hSize :tex2html_wrap_inline5398:8.76666pt::8.76666pt::14.71262pt.
[378


]
l2hSize :tex2html_wrap_inline5400:10.31107pt::10.31107pt::88.42015pt.
[379


]
l2hSize :tex2html_wrap_inline5404:8.7pt::8.7pt::22.13562pt.
[380


]
l2hSize :displaymath4049:33.29138pt::0.0pt::349.0pt.
[381


]
l2hSize :tex2html_wrap_inline5414:8.25pt::8.25pt::14.60837pt.
[382


]
l2hSize :tex2html_wrap_inline5422:9.5pt::9.5pt::100.39081pt.
[383


]
l2hSize :tex2html_wrap_inline5440:8.83331pt::8.83331pt::30.31636pt.
[384


]
l2hSize :tex2html_wrap_inline5444:9.29916pt::9.29916pt::10.46246pt.
[385


]
l2hSize :tex2html_wrap_inline5446:9.68808pt::9.68808pt::144.81773pt.
[386


]
l2hSize :tex2html_wrap_inline5448:9.68808pt::9.68808pt::102.29463pt.
[387


]
l2hSize :tex2html_wrap_inline5450:9.5pt::9.5pt::71.26259pt.
[388


]
l2hSize :tex2html_wrap_inline5452:9.5pt::9.5pt::37.86073pt.
[389


]
l2hSize :tex2html_wrap_inline5454:9.5pt::9.5pt::38.0553pt.
[390


]
l2hSize :tex2html_wrap_inline5460:9.5pt::9.5pt::41.66388pt.
[391


]
l2hSize :tex2html_wrap_inline5462:8.83331pt::8.83331pt::30.31636pt.
[392


]
l2hSize :tex2html_wrap_inline5464:8.83331pt::8.83331pt::30.51093pt.
[393


]
l2hSize :tex2html_wrap_inline5466:8.83331pt::8.83331pt::35.13536pt.
[394


]
l2hSize :tex2html_wrap_inline5468:9.5pt::9.5pt::67.83917pt.
[395


]
l2hSize :tex2html_wrap_inline5470:9.5pt::9.5pt::67.86014pt.
[396


]
l2hSize :tex2html_wrap_inline5476:9.5pt::9.5pt::69.18333pt.
[397


]
l2hSize :tex2html_wrap_inline5478:9.5pt::9.5pt::55.54266pt.
[398


]
l2hSize :tex2html_wrap_inline5480:8.83331pt::8.83331pt::36.365pt.
[399


]
l2hSize :tex2html_wrap_inline5482:8.69998pt::8.69998pt::35.81473pt.
[400


]
l2hSize :tex2html_wrap_inline5484:8.83331pt::8.83331pt::30.50412pt.
[401


]
l2hSize :tex2html_wrap_inline5486:8.7pt::8.7pt::39.13113pt.
[402


]
l2hSize :displaymath4050:31.4112pt::0.0pt::349.0pt.
[403


]
l2hSize :displaymath4051:17.5pt::0.0pt::349.0pt.
[404


]
l2hSize :tex2html_wrap_inline5498:9.5pt::9.5pt::16.02637pt.
[405


]
l2hSize :tex2html_wrap_inline5506:9.5pt::9.5pt::166.77527pt.
[406


]
l2hSize :tex2html_wrap_inline5510:10.41026pt::10.41026pt::75.6918pt.
[407


]
l2hSize :tex2html_wrap_inline5512:9.5pt::9.5pt::40.66629pt.
[408


]
l2hSize :tex2html_wrap_inline5514:9.5pt::9.5pt::40.86086pt.
[409


]
l2hSize :tex2html_wrap_inline5516:9.5pt::9.5pt::86.10626pt.
[410


]
l2hSize :tex2html_wrap_inline5518:9.5pt::9.5pt::96.9171pt.
[411


]
l2hSize :displaymath4052:17.85555pt::0.0pt::349.0pt.
[412


]
l2hSize :tex2html_wrap_inline5520:8.76666pt::8.76666pt::17.27283pt.
[413


]
l2hSize :tex2html_wrap_inline5522:9.5pt::9.5pt::135.17355pt.
[414


]
l2hSize :tex2html_wrap_inline5524:9.5pt::9.5pt::87.9451pt.
[415


]
l2hSize :tex2html_wrap_inline5526:9.5pt::9.5pt::91.46178pt.
[416


]
l2hSize :tex2html_wrap_inline5528:8.25pt::8.25pt::9.92088pt.
[417


]
l2hSize :tex2html_wrap_inline5530:9.5pt::9.5pt::65.103pt.
[418


]
l2hSize :displaymath4053:17.5pt::0.0pt::349.0pt.
[419


]
l2hSize :tex2html_wrap_inline5536:9.5pt::9.5pt::118.19704pt.
[420


]
l2hSize :tex2html_wrap_inline5538:9.5pt::9.5pt::61.1184pt.
[421


]
l2hSize :tex2html_wrap_inline5544:9.63332pt::9.63332pt::80.09077pt.
[422


]
l2hSize :tex2html_wrap_inline5548:8.83331pt::8.83331pt::26.50414pt.
[423


]
l2hSize :tex2html_wrap_inline5552:8.79916pt::0.0pt::12.20132pt.
[424


]
l2hSize :displaymath4054:31.4112pt::0.0pt::349.0pt.
[425


]
l2hSize :tex2html_wrap_inline5562:8.25pt::8.25pt::27.8893pt.
[426


]
l2hSize :displaymath4055:17.5pt::0.0pt::349.0pt.
[427


]
l2hSize :displaymath4056:17.84216pt::0.0pt::349.0pt.
[428


]
l2hSize :tex2html_wrap_inline5566:10.41026pt::10.41026pt::72.42795pt.
[429


]
l2hSize :displaymath4057:17.84216pt::0.0pt::349.0pt.
[430


]
l2hSize :tex2html_wrap_inline5568:9.5pt::9.5pt::86.16179pt.
[431


]
l2hSize :tex2html_wrap_inline5574:8.83331pt::8.83331pt::4.71252pt.
[432


]
l2hSize :tex2html_wrap_inline5586:9.5pt::9.5pt::52.54266pt.
[433


]
l2hSize :tex2html_wrap_inline5588:9.63332pt::9.63332pt::43.9272pt.
[434


]
l2hSize :displaymath4058:33.65674pt::0.0pt::349.0pt.
[435


]
l2hSize :tex2html_wrap_inline5600:9.5pt::9.5pt::59.27284pt.
[436


]
l2hSize :tex2html_wrap_inline5602:9.5pt::9.5pt::50.96696pt.
[437


]
l2hSize :tex2html_wrap_inline5604:9.5pt::9.5pt::43.5447pt.
[438


]
l2hSize :tex2html_wrap_inline5606:10.41026pt::10.41026pt::34.12349pt.
[439


]
l2hSize :tex2html_wrap_inline5608:10.41026pt::10.41026pt::113.17625pt.
[440


]
l2hSize :tex2html_wrap_inline5618:10.41026pt::10.41026pt::44.5088pt.
[441


]
l2hSize :tex2html_wrap_inline5622:9.63332pt::9.63332pt::52.94102pt.
[442


]
l2hSize :tex2html_wrap_inline5624:7.75pt::0.0pt::38.16696pt.
[443


]
l2hSize :tex2html_wrap_inline5628:9.5pt::9.5pt::46.83722pt.
[444


]
l2hSize :tex2html_wrap_inline5630:10.41026pt::10.41026pt::58.73709pt.
[445


]
l2hSize :tex2html_wrap_inline5632:9.63332pt::9.63332pt::34.25774pt.
[446


]
l2hSize :tex2html_wrap_inline5634:9.77785pt::9.77785pt::72.862pt.
[447


]
l2hSize :tex2html_wrap_inline5636:9.63332pt::9.63332pt::45.14304pt.
[448


]
l2hSize :tex2html_wrap_inline5638:10.41026pt::10.41026pt::34.12349pt.
[449


]
l2hSize :tex2html_wrap_inline5640:10.41026pt::10.41026pt::105.36966pt.
[450


]
l2hSize :displaymath4059:21.60008pt::0.0pt::349.0pt.
[451


]
l2hSize :tex2html_wrap_inline5650:9.50008pt::9.50008pt::44.57692pt.
[452


]
l2hSize :tex2html_wrap_inline5652:9.50008pt::9.50008pt::33.69162pt.
[453


]
l2hSize :tex2html_wrap_inline5660:8.25pt::8.25pt::33.0743pt.
[454


]
l2hSize :tex2html_wrap_inline5662:8.25pt::8.25pt::34.40764pt.
[455


]
l2hSize :tex2html_wrap_inline5666:7.75pt::0.0pt::8.58754pt.
[456


]
l2hSize :tex2html_wrap_inline5668:9.5pt::9.5pt::104.45396pt.
[457


]
l2hSize :tex2html_wrap_inline5670:8.36708pt::8.36708pt::96.47597pt.
[458


]
l2hSize :tex2html_wrap_inline5676:8.25pt::8.25pt::123.6684pt.
[459


]
l2hSize :tex2html_wrap_inline5678:8.25pt::8.25pt::11.07777pt.
[460


]
l2hSize :tex2html_wrap_inline5692:9.5pt::9.5pt::36.83092pt.
[461


]
l2hSize :tex2html_wrap_inline5696:9.5pt::9.5pt::125.28258pt.
[462


]
l2hSize :tex2html_wrap_inline5698:8.25pt::8.25pt::26.49709pt.
[463


]
l2hSize :tex2html_wrap_inline5700:9.50008pt::9.50008pt::153.24112pt.
[464


]
l2hSize :displaymath1316:32.30008pt::0.0pt::349.0pt.
[465


]
l2hSize :tex2html_wrap_inline5706:9.5pt::9.5pt::75.01984pt.
[466


]
l2hSize :tex2html_wrap_inline5708:9.5pt::9.5pt::81.44023pt.
[467


]
l2hSize :tex2html_wrap_inline5710:9.5pt::9.5pt::81.3616pt.
[468


]
l2hSize :tex2html_wrap_inline5712:8.83331pt::8.83331pt::68.56775pt.
[469


]
l2hSize :tex2html_wrap_inline5714:8.83331pt::8.83331pt::133.76393pt.
[470


]
l2hSize :tex2html_wrap_inline5716:9.5pt::9.5pt::117.09877pt.
[471


]
l2hSize :tex2html_wrap_inline5720:9.5pt::9.5pt::40.64128pt.
[472


]
l2hSize :tex2html_wrap_inline5724:8.83331pt::8.83331pt::11.83197pt.
[473


]
l2hSize :tex2html_wrap_inline5726:8.83331pt::8.83331pt::14.92645pt.
[474


]
l2hSize :displaymath4060:32.30008pt::0.0pt::349.0pt.
[475


]
l2hSize :tex2html_wrap_inline5734:8.7pt::8.7pt::78.95647pt.
[476


]
l2hSize :tex2html_wrap_inline5736:8.7pt::8.7pt::15.35815pt.
[477


]
l2hSize :tex2html_wrap_inline5740:9.77785pt::9.77785pt::33.69162pt.
[478


]
l2hSize :tex2html_wrap_inline5742:8.7pt::8.7pt::22.13562pt.
[479


]
l2hSize :tex2html_wrap_inline5744:9.5pt::9.5pt::57.62315pt.
[480


]
l2hSize :tex2html_wrap_inline5748:8.25pt::8.25pt::12.4759pt.
[481


]
l2hSize :tex2html_wrap_inline5752:9.5pt::9.5pt::59.10303pt.
[482


]
l2hSize :tex2html_wrap_inline5754:9.5pt::9.5pt::56.6912pt.
[483


]
l2hSize :tex2html_wrap_inline5760:8.7pt::8.7pt::40.66866pt.
[484


]
l2hSize :displaymath4061:32.30008pt::0.0pt::349.0pt.
[485


]
l2hSize :tex2html_wrap_inline5766:9.50008pt::9.50008pt::111.21971pt.
[486


]
l2hSize :tex2html_wrap_inline5772:8.7pt::8.7pt::37.72336pt.
[487


]
l2hSize :displaymath1347:32.30008pt::0.0pt::349.0pt.
[488


]
l2hSize :tex2html_wrap_inline5776:8.7pt::8.7pt::37.5288pt.
[489


]
l2hSize :tex2html_wrap_inline5778:8.83331pt::8.83331pt::55.69237pt.
[490


]
l2hSize :tex2html_wrap_inline5780:9.50008pt::9.50008pt::70.78401pt.
[491


]
l2hSize :tex2html_wrap_inline5782:8.7pt::8.7pt::61.66585pt.
[492


]
l2hSize :displaymath4062:36.00014pt::0.0pt::349.0pt.
[493


]
l2hSize :tex2html_wrap_inline5784:8.33331pt::0.0pt::10.01936pt.
[494


]
l2hSize :tex2html_wrap_inline5786:10.32137pt::10.32137pt::130.00835pt.
[495


]
l2hSize :tex2html_wrap_inline5788:9.5pt::9.5pt::59.41342pt.
[496


]
l2hSize :displaymath4063:36.00014pt::0.0pt::349.0pt.
[497


]
l2hSize :tex2html_wrap_inline5790:9.50008pt::9.50008pt::32.57347pt.
[498


]
l2hSize :tex2html_wrap_inline5794:10.32137pt::10.32137pt::85.08833pt.
[499


]
l2hSize :tex2html_wrap_inline5798:9.5pt::9.5pt::66.1661pt.
[500


]
l2hSize :displaymath1362:32.30008pt::0.0pt::349.0pt.
[501


]
l2hSize :tex2html_wrap_inline5802:8.25pt::8.25pt::26.41026pt.
[502


]
l2hSize :tex2html_wrap_inline5804:9.5pt::9.5pt::78.17638pt.
[503


]
l2hSize :tex2html_wrap_inline5806:8.36708pt::8.36708pt::9.02654pt.
[504


]
l2hSize :tex2html_wrap_inline5808:8.36708pt::8.36708pt::30.36658pt.
[505


]
l2hSize :tex2html_wrap_inline5810:8.36708pt::8.36708pt::35.30412pt.
[506


]
l2hSize :tex2html_wrap_inline5812:9.29916pt::9.29916pt::30.36658pt.
[507


]
l2hSize :tex2html_wrap_inline5814:8.36708pt::8.36708pt::35.10956pt.
[508


]
l2hSize :tex2html_wrap_inline5816:7.75pt::0.0pt::6.12221pt.
[509


]
l2hSize :tex2html_wrap_inline5818:8.83331pt::8.83331pt::41.0733pt.
[510


]
l2hSize :tex2html_wrap_inline5820:9.5pt::9.5pt::83.63185pt.
[511


]
l2hSize :tex2html_wrap_inline5822:9.5pt::9.5pt::99.85445pt.
[512


]
l2hSize :tex2html_wrap_inline5826:8.83331pt::8.83331pt::46.42755pt.
[513


]
l2hSize :tex2html_wrap_inline5828:8.36708pt::8.36708pt::46.99341pt.
[514


]
l2hSize :tex2html_wrap_inline5830:8.83331pt::8.83331pt::26.86516pt.
[515


]
l2hSize :tex2html_wrap_inline5832:8.83331pt::8.83331pt::90.28136pt.
[516


]
l2hSize :tex2html_wrap_inline5834:8.33331pt::0.0pt::26.6706pt.
[517


]
l2hSize :tex2html_wrap_inline5836:8.83331pt::8.83331pt::48.78839pt.
[518


]
l2hSize :tex2html_wrap_inline5838:9.5pt::9.5pt::84.78622pt.
[519


]
l2hSize :tex2html_wrap_inline5846:8.25pt::8.25pt::31.42894pt.
[520


]
l2hSize :tex2html_wrap_inline5848:8.25pt::8.25pt::6.4847pt.
[521


]
l2hSize :tex2html_wrap_inline5850:9.29916pt::9.29916pt::9.29025pt.
[522


]
l2hSize :tex2html_wrap_inline5852:8.7pt::8.7pt::10.20038pt.
[523


]
l2hSize :tex2html_wrap_inline5854:9.5pt::9.5pt::92.11192pt.
[524


]
l2hSize :tex2html_wrap_inline5856:9.5pt::9.5pt::89.43896pt.
[525


]
l2hSize :tex2html_wrap_inline5858:8.83331pt::8.83331pt::55.00124pt.
[526


]
l2hSize :tex2html_wrap_inline5860:8.83331pt::8.83331pt::11.47179pt.
[527


]
l2hSize :tex2html_wrap_inline5864:9.5pt::9.5pt::63.30223pt.
[528


]
l2hSize :tex2html_wrap_inline5872:8.79916pt::0.0pt::83.38554pt.
[529


]
l2hSize :tex2html_wrap_inline5874:8.83331pt::8.83331pt::75.81348pt.
[530


]
l2hSize :tex2html_wrap_inline5876:8.2pt::0.0pt::8.5819pt.
[531


]
l2hSize :tex2html_wrap_inline5878:9.5pt::9.5pt::86.38417pt.
[532


]
l2hSize :tex2html_wrap_inline5880:8.2pt::0.0pt::11.24997pt.
[533


]
l2hSize :tex2html_wrap_inline5882:9.5pt::9.5pt::104.98398pt.
[534


]
l2hSize :tex2html_wrap_inline5884:8.83331pt::8.83331pt::31.09566pt.
[535


]
l2hSize :tex2html_wrap_inline5888:9.5pt::9.5pt::44.68309pt.
[536


]
l2hSize :tex2html_wrap_inline5890:8.25pt::8.25pt::6.64441pt.
[537


]
l2hSize :tex2html_wrap_inline5892:9.29916pt::9.29916pt::9.44997pt.
[538


]
l2hSize :tex2html_wrap_inline5896:9.5pt::9.5pt::89.85687pt.
[539


]
l2hSize :displaymath4064:17.5pt::0.0pt::349.0pt.
[540


]
l2hSize :tex2html_wrap_inline5902:8.7pt::8.7pt::24.0512pt.
[541


]
l2hSize :tex2html_wrap_inline5906:8.83331pt::8.83331pt::7.10136pt.
[542


]
l2hSize :tex2html_wrap_inline5910:7.75pt::0.0pt::4.83054pt.
[543


]
l2hSize :tex2html_wrap_inline5914:8.33331pt::0.0pt::7.10136pt.
[544


]
l2hSize :tex2html_wrap_inline5920:9.5pt::9.5pt::94.57265pt.
[545


]
l2hSize :tex2html_wrap_inline5922:9.5pt::9.5pt::97.2921pt.
[546


]
l2hSize :tex2html_wrap_inline5924:8.83331pt::8.83331pt::79.4132pt.
[547


]
l2hSize :tex2html_wrap_inline5926:8.83331pt::8.83331pt::33.82054pt.
[548


]
l2hSize :tex2html_wrap_inline5928:8.83331pt::8.83331pt::50.67735pt.
[549


]
l2hSize :displaymath4065:21.60008pt::0.0pt::349.0pt.
[550


]
l2hSize :tex2html_wrap_inline5944:7.75pt::0.0pt::28.4358pt.
[551


]
l2hSize :tex2html_wrap_inline5958:7.75pt::0.0pt::34.05728pt.
[552


]
l2hSize :displaymath4066:32.30008pt::0.0pt::349.0pt.
[553


]
l2hSize :tex2html_wrap_inline5960:9.5pt::9.5pt::21.84569pt.
[554


]
l2hSize :tex2html_wrap_inline5962:9.5pt::9.5pt::109.20905pt.
[555


]
l2hSize :tex2html_wrap_inline5970:8.7pt::8.7pt::42.9614pt.
[556


]
l2hSize :displaymath4067:32.30008pt::0.0pt::349.0pt.
[557


]
l2hSize :tex2html_wrap_inline5972:8.83331pt::8.83331pt::41.59128pt.
[558


]
l2hSize :tex2html_wrap_inline5976:8.79916pt::0.0pt::60.37386pt.
[559


]
l2hSize :tex2html_wrap_inline5978:8.7pt::8.7pt::36.34584pt.
[560


]
l2hSize :tex2html_wrap_inline5982:8.83331pt::8.83331pt::26.5193pt.
[561


]
l2hSize :tex2html_wrap_inline5984:10.41026pt::10.41026pt::122.66704pt.
[562


]
l2hSize :displaymath4068:44.49995pt::0.0pt::349.0pt.
[563


]
l2hSize :tex2html_wrap_inline5988:9.77785pt::9.77785pt::74.87401pt.
[564


]
l2hSize :tex2html_wrap_inline5990:8.83331pt::8.83331pt::21.04126pt.
[565


]
l2hSize :tex2html_wrap_inline5994:8.69998pt::8.69998pt::34.20157pt.
[566


]
l2hSize :tex2html_wrap_inline5996:9.5pt::9.5pt::149.59592pt.
[567


]
l2hSize :tex2html_wrap_inline5998:8.83331pt::8.83331pt::25.18596pt.
[568


]
l2hSize :tex2html_wrap_inline6002:7.75pt::0.0pt::7.69649pt.
[569


]
l2hSize :tex2html_wrap_inline6006:9.29916pt::9.29916pt::34.75832pt.
[570


]
l2hSize :tex2html_wrap_inline6008:9.29916pt::9.29916pt::41.07321pt.
[571


]
l2hSize :tex2html_wrap_inline6010:8.7pt::8.7pt::36.7011pt.
[572


]
l2hSize :tex2html_wrap_inline6014:8.7pt::8.7pt::14.00885pt.
[573


]
l2hSize :tex2html_wrap_inline6016:9.51027pt::0.0pt::18.06245pt.
[574


]
l2hSize :tex2html_wrap_inline6018:8.7pt::8.7pt::35.07475pt.
[575


]
l2hSize :tex2html_wrap_inline6020:9.51027pt::0.0pt::18.06245pt.
[576


]
l2hSize :tex2html_wrap_inline6022:9.5pt::9.5pt::54.80931pt.
[577


]
l2hSize :tex2html_wrap_inline6028:8.69998pt::8.69998pt::12.8691pt.
[578


]
l2hSize :tex2html_wrap_inline6032:9.5pt::9.5pt::42.4911pt.
[579


]
l2hSize :tex2html_wrap_inline6042:8.83331pt::8.83331pt::14.9509pt.
[580


]
l2hSize :tex2html_wrap_inline6048:9.5pt::9.5pt::62.90225pt.
[581


]
l2hSize :tex2html_wrap_inline6050:9.29916pt::9.29916pt::39.92644pt.
[582


]
l2hSize :tex2html_wrap_inline6052:8.69998pt::8.69998pt::34.18839pt.
[583


]
l2hSize :tex2html_wrap_inline6056:8.83331pt::8.83331pt::32.68037pt.
[584


]
l2hSize :tex2html_wrap_inline6058:9.29916pt::9.29916pt::39.65652pt.
[585


]
l2hSize :tex2html_wrap_inline6060:8.83333pt::8.83333pt::33.44827pt.
[586


]
l2hSize :tex2html_wrap_inline6062:9.29916pt::9.29916pt::40.00375pt.
[587


]
l2hSize :displaymath1424:30.36064pt::0.0pt::349.0pt.
[588


]
l2hSize :tex2html_wrap_inline6072:9.68808pt::9.68808pt::109.297pt.
[589


]
l2hSize :tex2html_wrap_inline6078:9.5pt::9.5pt::137.52003pt.
[590


]
l2hSize :tex2html_wrap_inline6080:9.5pt::9.5pt::191.0437pt.
[591


]
l2hSize :tex2html_wrap_inline6082:9.5pt::9.5pt::54.55267pt.
[592


]
l2hSize :tex2html_wrap_inline6086:8.25pt::8.25pt::27.00401pt.
[593


]
l2hSize :displaymath4069:32.30008pt::0.0pt::349.0pt.
[594


]
Overfull \hbox (10.55627pt too wide) detected at line 4414
\OML/cmm/m/it/12 T[]\OT1/cmr/m/n/12 (\OT1/cmr/bx/n/12 i \OT1/cmr/m/n/12 : \OT1/
cmr/bx/n/12 j\OT1/cmr/m/n/12 ) = [] [](\OML/cmm/m/it/12 h\OT1/cmr/m/n/12 )\OML/
cmm/m/it/12 T[]\OT1/cmr/m/n/12 (\OT1/cmr/bx/n/12 i\OML/cmm/m/it/12 h^^Y \OT1/cm
r/m/n/12 : \OT1/cmr/bx/n/12 j\OT1/cmr/m/n/12 ) = [] [](\OML/cmm/m/it/12 h\OT1/c
mr/m/n/12 ) [] \OML/cmm/m/it/12 T[]\OT1/cmr/m/n/12 (\OT1/cmr/bx/n/12 i\OML/cmm/
m/it/12 h \OT1/cmr/m/n/12 : \OT1/cmr/bx/n/12 j\OML/cmm/m/it/12 ^^Y\OT1/cmr/m/n/
12 )\OML/cmm/m/it/12 :
 []

l2hSize :displaymath1441:32.00006pt::0.0pt::349.0pt.
[595


]
l2hSize :tex2html_wrap_inline6090:9.63332pt::9.63332pt::14.71967pt.
[596


]
l2hSize :tex2html_wrap_inline6092:9.07776pt::9.07776pt::19.06503pt.
[597


]
l2hSize :tex2html_wrap_inline6096:9.5pt::9.5pt::127.92235pt.
[598


]
l2hSize :tex2html_wrap_inline6098:9.51027pt::0.0pt::28.7249pt.
[599


]
l2hSize :tex2html_wrap_inline6106:10.01027pt::10.01027pt::137.62607pt.
[600


]
Overfull \hbox (14.8241pt too wide) detected at line 4455
[] [] [] []\OT1/cmr/m/n/12 (\OML/cmm/m/it/12 h\OT1/cmr/m/n/12 )\OML/cmm/m/it/12
 T[]\OT1/cmr/m/n/12 (\OT1/cmr/bx/n/12 i\OML/cmm/m/it/12 h \OT1/cmr/m/n/12 : \OT
1/cmr/bx/n/12 j\OT1/cmr/m/n/12 (\OML/cmm/m/it/12 L\OT1/cmr/m/n/12 )\OML/cmm/m/i
t/12 ^^Y\OT1/cmr/m/n/12 ) = [] [] [](\OML/cmm/m/it/12 h\OT1/cmr/m/n/12 )\OML/cm
m/m/it/12 T[]\OT1/cmr/m/n/12 (\OT1/cmr/bx/n/12 i\OML/cmm/m/it/12 h \OT1/cmr/m/n
/12 : \OT1/cmr/bx/n/12 j\OT1/cmr/m/n/12 (\OT1/cmr/bx/n/12 l\OT1/cmr/m/n/12 ))
 []

l2hSize :displaymath1461:32.30008pt::0.0pt::349.0pt.
[601


]
l2hSize :tex2html_wrap_inline6108:9.5pt::9.5pt::55.97803pt.
[602


]
l2hSize :tex2html_wrap_inline6110:9.5pt::9.5pt::111.40381pt.
[603


]
l2hSize :tex2html_wrap_inline6112:9.5pt::9.5pt::130.40714pt.
[604


]
l2hSize :tex2html_wrap_inline6126:9.5pt::9.5pt::37.56145pt.
[605


]
l2hSize :tex2html_wrap_inline6128:9.5pt::9.5pt::39.59126pt.
[606


]
l2hSize :tex2html_wrap_inline6130:9.50008pt::9.50008pt::66.78108pt.
[607


]
l2hSize :displaymath4070:32.30008pt::0.0pt::349.0pt.
[608


]
l2hSize :tex2html_wrap_inline6132:8.7pt::8.7pt::19.40811pt.
[609


]
l2hSize :tex2html_wrap_inline6134:9.5pt::9.5pt::48.75294pt.
[610


]
l2hSize :tex2html_wrap_inline6140:9.5pt::9.5pt::61.11194pt.
[611


]
l2hSize :tex2html_wrap_inline6142:9.5pt::9.5pt::50.61798pt.
[612


]
l2hSize :tex2html_wrap_inline6144:9.5pt::9.5pt::132.60335pt.
[613


]
l2hSize :tex2html_wrap_inline6148:8.83331pt::8.83331pt::94.78389pt.
[614


]
l2hSize :tex2html_wrap_inline6154:8.33331pt::0.0pt::7.71252pt.
[615


]
l2hSize :tex2html_wrap_inline6162:9.5pt::9.5pt::68.80646pt.
[616


]
l2hSize :displaymath4071:30.94951pt::0.0pt::349.0pt.
[617


]
l2hSize :displaymath4072:32.30008pt::0.0pt::349.0pt.
[618


]
l2hSize :tex2html_wrap_inline6166:9.5pt::9.5pt::62.27304pt.
[619


]
l2hSize :tex2html_wrap_inline6168:9.5pt::9.5pt::42.51602pt.
[620


]
l2hSize :tex2html_wrap_inline6172:8.83331pt::8.83331pt::47.78171pt.
[621


]
l2hSize :tex2html_wrap_inline6176:9.5pt::9.5pt::42.26698pt.
[622


]
l2hSize :tex2html_wrap_inline6178:8.7pt::8.7pt::36.21225pt.
[623


]
l2hSize :tex2html_wrap_inline6180:8.83333pt::8.83333pt::35.57843pt.
[624


]
l2hSize :tex2html_wrap_inline6186:9.5pt::9.5pt::80.09077pt.
[625


]
l2hSize :tex2html_wrap_inline6188:9.5pt::9.5pt::62.06831pt.
[626


]
l2hSize :tex2html_wrap_inline6192:9.5pt::9.5pt::60.0662pt.
[627


]
l2hSize :displaymath4073:32.30008pt::0.0pt::349.0pt.
[628


]
l2hSize :tex2html_wrap_inline6198:9.5pt::9.5pt::31.69084pt.
[629


]
l2hSize :tex2html_wrap_inline6200:9.50008pt::9.50008pt::77.40791pt.
[630


]
l2hSize :tex2html_wrap_inline6202:8.83331pt::8.83331pt::31.63718pt.
[631


]
l2hSize :tex2html_wrap_inline6208:10.41026pt::10.41026pt::103.6648pt.
[632


]
l2hSize :displaymath4074:44.20041pt::0.0pt::349.0pt.
[633


]
l2hSize :tex2html_wrap_inline6210:9.5pt::9.5pt::86.78006pt.
[634


]
l2hSize :tex2html_wrap_inline6220:8.83331pt::8.83331pt::34.1452pt.
[635


]
l2hSize :tex2html_wrap_inline6226:9.63332pt::9.63332pt::57.56787pt.
[636


]
l2hSize :tex2html_wrap_inline6228:9.5pt::9.5pt::85.17804pt.
[637


]
l2hSize :tex2html_wrap_inline6230:8.83331pt::8.83331pt::33.89421pt.
[638


]
l2hSize :tex2html_wrap_inline6236:10.41026pt::10.41026pt::60.25449pt.
[639


]
l2hSize :tex2html_wrap_inline6238:8.83331pt::8.83331pt::24.91515pt.
[640


]
l2hSize :tex2html_wrap_inline6240:10.41026pt::10.41026pt::7.84448pt.
[641


]
l2hSize :tex2html_wrap_inline6244:10.41026pt::10.41026pt::14.56459pt.
[642


]
l2hSize :tex2html_wrap_inline6254:8.83331pt::8.83331pt::9.14313pt.
[643


]
l2hSize :tex2html_wrap_inline6256:8.25pt::8.25pt::17.52452pt.
[644


]
l2hSize :tex2html_wrap_inline6258:9.5pt::9.5pt::59.70381pt.
[645


]
l2hSize :displaymath4075:17.5pt::0.0pt::349.0pt.
[646


]
Overfull \hbox (34.11485pt too wide) detected at line 4757
\OMS/cmsy/m/n/12 ^^Q [] \OML/cmm/m/it/12 a[]T[]\OT1/cmr/m/n/12 (\OT1/cmr/bx/n/1
2 i[] \OT1/cmr/m/n/12 : \OT1/cmr/bx/n/12 j[]\OT1/cmr/m/n/12 ) [] \OML/cmm/m/it/
12 T[]\OT1/cmr/m/n/12 (\OT1/cmr/bx/n/12 i[] \OT1/cmr/m/n/12 : \OT1/cmr/bx/n/12 
k[]\OT1/cmr/m/n/12 ) [] \OML/cmm/m/it/12 T[]\OT1/cmr/m/n/12 (\OT1/cmr/bx/n/12 i
[] \OT1/cmr/m/n/12 : \OT1/cmr/bx/n/12 j[]\OT1/cmr/m/n/12 )   =   [] \OML/cmm/m/
it/12 a[]T[]\OT1/cmr/m/n/12 (\OT1/cmr/bx/n/12 i \OT1/cmr/m/n/12 : \OT1/cmr/bx/n
/12 k\OT1/cmr/m/n/12 )\OML/cmm/m/it/12 :
 []

l2hSize :displaymath4076:21.10008pt::0.0pt::349.0pt.
[647


]
l2hSize :tex2html_wrap_inline6260:9.5pt::9.5pt::65.85178pt.
[648


]
l2hSize :tex2html_wrap_inline6262:8.83331pt::8.83331pt::35.36534pt.
[649


]
l2hSize :tex2html_wrap_inline6270:8.33331pt::0.0pt::12.14313pt.
[650


]
l2hSize :tex2html_wrap_inline6272:8.25pt::8.25pt::15.42226pt.
[651


]
l2hSize :tex2html_wrap_inline6274:8.25pt::8.25pt::23.43614pt.
[652


]
l2hSize :tex2html_wrap_inline6280:8.25pt::8.25pt::6.22775pt.
[653


] (images.aux) ) 
Here is how much of TeX's memory you used:
 1115 strings out of 10901
 12175 string characters out of 147572
 53094 words of memory out of 263001
 4070 multiletter control sequences out of 10000+0
 9540 words of font info for 38 fonts, out of 400000 for 1000
 14 hyphenation exceptions out of 1000
 23i,8n,24p,200b,225s stack positions out of 300i,100n,500p,50000b,4000s

Output written on images.dvi (653 pages, 168260 bytes).
